[Bootstrap]
SetupTitle=Install
SetupText=Copying Files, please stand by.
CabFile=Klient-Monitor.CAB
Spawn=Setup1.exe
Uninstal=st6unst.exe
TmpDir=msftqws.pdw
Cabs=1

[Bootstrap Files]
File1=@VB6STKIT.DLL,$(WinSysPathSysFile),,,7/15/00 1:00:00 AM,101888,6.0.84.50
File2=@COMCAT.DLL,$(WinSysPathSysFile),$(DLLSelfRegister),,5/31/98 1:00:00 AM,22288,4.71.1460.1
File3=@MSVCRT40.DLL,$(WinSysPathSysFile),,,6/1/99 1:00:00 AM,326656,4.22.0.0
File4=@OLEPRO32.DLL,$(WinSysPathSysFile),$(DLLSelfRegister),,3/8/99 1:00:00 AM,164112,5.0.4275.1
File5=@STDOLE2.TLB,$(WinSysPathSysFile),$(TLBRegister),,6/3/99 1:00:00 AM,17920,2.40.4275.1
File6=@ASYCFILT.DLL,$(WinSysPathSysFile),,,3/8/99 1:00:00 AM,147728,2.40.4275.1
File7=@OLEAUT32.DLL,$(WinSysPathSysFile),$(DLLSelfRegister),,4/12/00 1:00:00 AM,598288,2.40.4275.1
File8=@msvbvm60.dll,$(WinSysPathSysFile),$(DLLSelfRegister),,4/12/18 1:35:00 AM,1386496,6.0.98.15

[IconGroups]
Group0=Autopilot
PrivateGroup0=-1
Parent0=$(Programs)

[Autopilot]
Icon1="Klient-Monitor.exe"
Title1=Autopilot
StartIn1=$(AppPath)

[Setup]
Title=Innstall Autopilot
DefaultDir=$(ProgramFiles)\Autopilot
AppExe=Klient-Monitor.exe
AppToUninstall=Klient-Monitor.exe

[Setup1 Files]
File1=@tabctl32.ocx,$(WinSysPath),$(DLLSelfRegister),$(Shared),3/9/04 12:00:00 AM,224016,6.1.97.82
File2=@MFC40.DLL,$(WinSysPathSysFile),$(DLLSelfRegister),,6/1/99 1:00:00 AM,924432,4.1.0.6140
File3=@threed32.ocx,$(WinSysPath),$(DLLSelfRegister),$(Shared),1/12/96 12:00:00 AM,200704,1.0.41.0
File4=@MSCOMM32.OCX,$(WinSysPath),$(DLLSelfRegister),$(Shared),10/10/00 4:01:04 AM,162816,6.0.88.77
File5=@FM20.DLL,$(WinSysPath),$(DLLSelfRegister),$(Shared),6/18/18 3:44:26 AM,1309872,16.0.9330.2014
File6=@BGV2ActiveXPro.ocx,$(WinSysPath),$(DLLSelfRegister),$(Shared),6/5/12 1:29:32 AM,2339328,6.9.0.0
File7=@Klient-Monitor.exe,$(AppPath),,,6/28/18 5:14:03 PM,147456,1.0.0.0

; The following lines may be deleted in order to obtain extra 
; space for customizing this file on a full installation diskette.
; 
; XXXXXXXXXXXXXXXXXXXXXXXXXXXXXXXXXXXXXXXXXXXXXXXXXXXXXXXXXXXX
; XXXXXXXXXXXXXXXXXXXXXXXXXXXXXXXXXXXXXXXXXXXXXXXXXXXXXXXXXXXX
; XXXXXXXXXXXXXXXXXXXXXXXXXXXXXXXXXXXXXXXXXXXXXXXXXXXXXXXXXXXX
; XXXXXXXXXXXXXXXXXXXXXXXXXXXXXXXXXXXXXXXXXXXXXXXXXXXXXXXXXXXX
; XXXXXXXXXXXXXXXXXXXXXXXXXXXXXXXXXXXXXXXXXXXXXXXXXXXXXXXXXXXX
; XXXXXXXXXXXXXXXXXXXXXXXXXXXXXXXXXXXXXXXXXXXXXXXXXXXXXXXXXXXX
; XXXXXXXXXXXXXXXXXXXXXXXXXXXXXXXXXXXXXXXXXXXXXXXXXXXXXXXXXXXX
; XXXXXXXXXXXXXXXXXXXXXXXXXXXXXXXXXXXXXXXXXXXXXXXXXXXXXXXXXXXX
; XXXXXXXXXXXXXXXXXXXXXXXXXXXXXXXXXXXXXXXXXXXXXXXXXXXXXXXXXXXX
; XXXXXXXXXXXXXXXXXXXXXXXXXXXXXXXXXXXXXXXXXXXXXXXXXXXXXXXXXXXX
; XXXXXXXXXXXXXXXXXXXXXXXXXXXXXXXXXXXXXXXXXXXXXXXXXXXXXXXXXXXX
; XXXXXXXXXXXXXXXXXXXXXXXXXXXXXXXXXXXXXXXXXXXXXXXXXXXXXXXXXXXX
; XXXXXXXXXXXXXXXXXXXXXXXXXXXXXXXXXXXXXXXXXXXXXXXXXXXXXXXXXXXX
; XXXXXXXXXXXXXXXXXXXXXXXXXXXXXXXXXXXXXXXXXXXXXXXXXXXXXXXXXXXX
; XXXXXXXXXXXXXXXXXXXXXXXXXXXXXXXXXXXXXXXXXXXXXXXXXXXXXXXXXXXX
; XXXXXXXXXXXXXXXXXXXXXXXXXXXXXXXXXXXXXXXXXXXXXXXXXXXXXXXXXXXX
; XXXXXXXXXXXXXXXXXXXXXXXXXXXXXXXXXXXXXXXXXXXXXXXXXXXXXXXXXXXX
; XXXXXXXXXXXXXXXXXXXXXXXXXXXXXXXXXXXXXXXXXXXXXXXXXXXXXXXXXXXX
; XXXXXXXXXXXXXXXXXXXXXXXXXXXXXXXXXXXXXXXXXXXXXXXXXXXXXXXXXXXX
; XXXXXXXXXXXXXXXXXXXXXXXXXXXXXXXXXXXXXXXXXXXXXXXXXXXXXXXXXXXX
; XXXXXXXXXXXXXXXXXXXXXXXXXXXXXXXXXXXXXXXXXXXXXXXXXXXXXXXXXXXX
; XXXXXXXXXXXXXXXXXXXXXXXXXXXXXXXXXXXXXXXXXXXXXXXXXXXXXXXXXXXX
; XXXXXXXXXXXXXXXXXXXXXXXXXXXXXXXXXXXXXXXXXXXXXXXXXXXXXXXXXXXX
; XXXXXXXXXXXXXXXXXXXXXXXXXXXXXXXXXXXXXXXXXXXXXXXXXXXXXXXXXXXX
; XXXXXXXXXXXXXXXXXXXXXXXXXXXXXXXXXXXXXXXXXXXXXXXXXXXXXXXXXXXX
; XXXXXXXXXXXXXXXXXXXXXXXXXXXXXXXXXXXXXXXXXXXXXXXXXXXXXXXXXXXX
; XXXXXXXXXXXXXXXXXXXXXXXXXXXXXXXXXXXXXXXXXXXXXXXXXXXXXXXXXXXX
; XXXXXXXXXXXXXXXXXXXXXXXXXXXXXXXXXXXXXXXXXXXXXXXXXXXXXXXXXXXX
; XXXXXXXXXXXXXXXXXXXXXXXXXXXXXXXXXXXXXXXXXXXXXXXXXXXXXXXXXXXX
; XXXXXXXXXXXXXXXXXXXXXXXXXXXXXXXXXXXXXXXXXXXXXXXXXXXXXXXXXXXX
; XXXXXXXXXXXXXXXXXXXXXXXXXXXXXXXXXXXXXXXXXXXXXXXXXXXXXXXXXXXX
; XXXXXXXXXXXXXXXXXXXXXXXXXXXXXXXXXXXXXXXXXXXXXXXXXXXXXXXXXXXX
; XXXXXXXXXXXXXXXXXXXXXXXXXXXXXXXXXXXXXXXXXXXXXXXXXXXXXXXXXXXX
; XXXXXXXXXXXXXXXXXXXXXXXXXXXXXXXXXXXXXXXXXXXXXXXXXXXXXXXXXXXX
; XXXXXXXXXXXXXXXXXXXXXXXXXXXXXXXXXXXXXXXXXXXXXXXXXXXXXXXXXXXX
